# Домашнее задание к занятию 12.5. «Индексы»

### Инструкция по выполнению домашнего задания

1. Сделайте fork [репозитория c шаблоном решения](https://github.com/netology-code/sys-pattern-homework) к себе в Github и переименуйте его по названию или номеру занятия, например, https://github.com/имя-вашего-репозитория/gitlab-hw или https://github.com/имя-вашего-репозитория/8-03-hw).
2. Выполните клонирование этого репозитория к себе на ПК с помощью команды `git clone`.
3. Выполните домашнее задание и заполните у себя локально этот файл README.md:
   - впишите вверху название занятия и ваши фамилию и имя;
   - в каждом задании добавьте решение в требуемом виде: текст/код/скриншоты/ссылка;
   - для корректного добавления скриншотов воспользуйтесь инструкцией [«Как вставить скриншот в шаблон с решением»](https://github.com/netology-code/sys-pattern-homework/blob/main/screen-instruction.md);
   - при оформлении используйте возможности языка разметки md. Коротко об этом можно посмотреть в [инструкции по MarkDown](https://github.com/netology-code/sys-pattern-homework/blob/main/md-instruction.md).
4. После завершения работы над домашним заданием сделайте коммит (`git commit -m "comment"`) и отправьте его на Github (`git push origin`).
5. Для проверки домашнего задания преподавателем в личном кабинете прикрепите и отправьте ссылку на решение в виде md-файла в вашем Github.
6. Любые вопросы задавайте в чате учебной группы и/или в разделе «Вопросы по заданию» в личном кабинете.

Желаем успехов в выполнении домашнего задания.

### Задание 1

Напишите запрос к учебной базе данных, который вернёт процентное отношение общего размера всех индексов к общему размеру всех таблиц.
![Снимок экрана от 2023-03-19 12-54-40](https://user-images.githubusercontent.com/119142863/226167687-25cee75e-88cd-4627-899e-6e8cda3ecbdd.png)

### Задание 2

Выполните explain analyze следующего запроса:
```sql
select distinct concat(c.last_name, ' ', c.first_name), sum(p.amount) over (partition by c.customer_id, f.title)
from payment p, rental r, customer c, inventory i, film f
where date(p.payment_date) = '2005-07-30' and p.payment_date = r.rental_date and r.customer_id = c.customer_id and i.inventory_id = r.inventory_id
```
- перечислите узкие места;
- оптимизируйте запрос: внесите корректировки по использованию операторов, при необходимости добавьте индексы.
![Снимок экрана от 2023-03-19 18-14-27](https://user-images.githubusercontent.com/119142863/226185835-731a3484-fafd-4eed-9510-ebfb2a31c9be.png)
EXPLAIN ANALYZE
select distinct  payment_id , concat(c.last_name, ' ', c.first_name ), payment_date, sum(p.amount) over (partition by c.customer_id ) 
from payment p, rental r, customer c, inventory i
where date(p.payment_date) = '2005-07-30' and p.payment_date = r.rental_date and r.customer_id = c.customer_id and i.inventory_id = r.inventory_id



imit: 200 row(s)  (cost=0.00..0.00 rows=0) (actual time=16.344..16.406 rows=200 loops=1)
    -> Table scan on <temporary>  (cost=2.50..2.50 rows=0) (actual time=16.341..16.392 rows=200 loops=1)
        -> Temporary table with deduplication  (cost=0.00..0.00 rows=0) (actual time=16.337..16.337 rows=642 loops=1)
            -> Window aggregate with buffering: sum(payment.amount) OVER (PARTITION BY c.customer_id )   (actual time=13.988..15.890 rows=642 loops=1)
                -> Sort: c.customer_id  (actual time=13.921..14.011 rows=642 loops=1)
                    -> Stream results  (cost=29732.70 rows=16010) (actual time=0.114..13.538 rows=642 loops=1)
                        -> Nested loop inner join  (cost=29732.70 rows=16010) (actual time=0.105..12.946 rows=642 loops=1)
                            -> Nested loop inner join  (cost=24129.21 rows=16010) (actual time=0.100..11.724 rows=642 loops=1)
                                -> Nested loop inner join  (cost=18525.72 rows=16010) (actual time=0.089..10.789 rows=642 loops=1)
                                    -> Filter: (cast(p.payment_date as date) = '2005-07-30')  (cost=1605.55 rows=15813) (actual time=0.072..8.721 rows=634 loops=1)
                                        -> Table scan on p  (cost=1605.55 rows=15813) (actual time=0.056..6.565 rows=16044 loops=1)
                                    -> Covering index lookup on r using rental_date (rental_date=p.payment_date)  (cost=0.97 rows=1) (actual time=0.002..0.003 rows=1 loops=634)
                                -> Single-row index lookup on c using PRIMARY (customer_id=r.customer_id)  (cost=0.25 rows=1) (actual time=0.001..0.001 rows=1 loops=642)
                            -> Single-row covering index lookup on i using PRIMARY (inventory_id=r.inventory_id)  (cost=0.25 rows=1) (actual time=0.002..0.002 rows=1 loops=642)
узкие места - обработка излишних таблиц inventory, rental и film. Их из таблицы можно убрать.
Добавить индекс payment p
   
## Дополнительные задания (со звёздочкой*)
Эти задания дополнительные, то есть не обязательные к выполнению, и никак не повлияют на получение вами зачёта по этому домашнему заданию. Вы можете их выполнить, если хотите глубже шире разобраться в материале.
- rental r, customer c, inventory i, film f
   Все необходимые данные есть в payment p,ее ииспользуем.
### Задание 3*

Самостоятельно изучите, какие типы индексов используются в PostgreSQL. Перечислите те индексы, которые используются в PostgreSQL, а в MySQL — нет.

*Приведите ответ в свободной форме.*
